<?xml version="1.0" encoding="UTF-8"?>
<!-- Generated by org.testng.reporters.JUnitReportReporter -->
<testsuite hostname="Darji" failures="0" tests="1" name="com.testcases.CreateProfileTest" time="33.312" errors="0" timestamp="06 Sep 2020 14:57:34 GMT" skipped="0">
  <testcase classname="com.testcases.CreateProfileTest" name="verifyPageContent" time="33.312"/>
</testsuite> <!-- com.testcases.CreateProfileTest -->
