<?xml version="1.0" encoding="UTF-8"?>
<!-- Generated by org.testng.reporters.JUnitReportReporter -->
<testsuite skipped="0" hostname="LAPTOP-SF99IFHK" name="com.testcases.CreateProfileTest2" tests="1" failures="0" timestamp="02 Sep 2020 09:55:35 GMT" time="14.893" errors="0">
  <testcase name="verifyPageContent" time="14.893" classname="com.testcases.CreateProfileTest2"/>
</testsuite> <!-- com.testcases.CreateProfileTest2 -->
