<?xml version="1.0" encoding="UTF-8"?>
<!-- Generated by org.testng.reporters.JUnitReportReporter -->
<testsuite hostname="Darji" failures="0" tests="1" name="com.testcases.EditProfileTest" time="41.300" errors="0" timestamp="06 Sep 2020 23:59:29 GMT" skipped="0">
  <testcase classname="com.testcases.EditProfileTest" name="editProfile" time="41.300"/>
</testsuite> <!-- com.testcases.EditProfileTest -->
